<?xml version="1.0" encoding="UTF-8"?>
<!-- Generated by org.testng.reporters.JUnitReportReporter -->
<testsuite hostname="DESKTOP-M021GP2" failures="0" tests="1" name="testcases.PageObjectTest1" time="7.057" errors="0" timestamp="2021-09-01T20:15:27 EDT" skipped="0">
  <testcase classname="testcases.PageObjectTest1" name="testDrpDown" time="7.057"/>
  <system-out/>
</testsuite> <!-- testcases.PageObjectTest1 -->
