<?xml version="1.0" encoding="UTF-8"?>
<!-- Generated by org.testng.reporters.JUnitReportReporter -->
<testsuite hostname="DESKTOP-M021GP2" failures="0" tests="1" name="testcases.AnotherTest" time="3.725" errors="0" timestamp="2021-08-31T20:09:42 EDT" skipped="0">
  <testcase classname="testcases.AnotherTest" name="test1" time="3.725"/>
  <system-out/>
</testsuite> <!-- testcases.AnotherTest -->
