<?xml version="1.0" encoding="UTF-8"?>
<!-- Generated by org.testng.reporters.JUnitReportReporter -->
<testsuite hostname="DESKTOP-M021GP2" failures="0" tests="3" name="test1.TestDebitCard" time="0.004" errors="0" timestamp="2021-08-18T20:47:29 EDT" skipped="0">
  <testcase classname="test1.TestDebitCard" name="testB2" time="0.000"/>
  <system-out/>
  <testcase classname="test1.TestDebitCard" name="testB1" time="0.004"/>
  <system-out/>
  <testcase classname="test1.TestDebitCard" name="testB3" time="0.000"/>
  <system-out/>
</testsuite> <!-- test1.TestDebitCard -->
