<?xml version="1.0" encoding="UTF-8"?>
<!-- Generated by org.testng.reporters.JUnitReportReporter -->
<testsuite hostname="DESKTOP-M021GP2" failures="0" tests="3" name="test1.TestCreditCard" time="0.000" errors="0" timestamp="2021-08-18T20:47:04 EDT" skipped="0">
  <testcase classname="test1.TestCreditCard" name="testA1" time="0.000"/>
  <system-out/>
  <testcase classname="test1.TestCreditCard" name="testA2" time="0.000"/>
  <system-out/>
  <testcase classname="test1.TestCreditCard" name="testA3" time="0.000"/>
  <system-out/>
</testsuite> <!-- test1.TestCreditCard -->
